{"/Users/joaopedro/projetos/ext/web-crawler/src/controllers/PagesDataController.ts": {"path":"/Users/joaopedro/projetos/ext/web-crawler/src/controllers/PagesDataController.ts","statementMap":{"0":{"start":{"line":2,"column":0},"end":{"line":2,"column":49}},"1":{"start":{"line":3,"column":0},"end":{"line":3,"column":62}},"2":{"start":{"line":4,"column":0},"end":{"line":4,"column":49}},"3":{"start":{"line":7,"column":0},"end":{"line":7,"column":43}},"4":{"start":{"line":18,"column":0},"end":{"line":18,"column":13}},"5":{"start":{"line":19,"column":8},"end":{"line":41,"column":null}},"6":{"start":{"line":20,"column":10},"end":{"line":20,"column":26}},"7":{"start":{"line":22,"column":10},"end":{"line":22,"column":99}},"8":{"start":{"line":24,"column":20},"end":{"line":24,"column":null}},"9":{"start":{"line":24,"column":10},"end":{"line":24,"column":null}},"10":{"start":{"line":26,"column":4},"end":{"line":28,"column":null}},"11":{"start":{"line":27,"column":6},"end":{"line":27,"column":null}},"12":{"start":{"line":31,"column":12},"end":{"line":31,"column":48}},"13":{"start":{"line":33,"column":26},"end":{"line":33,"column":null}},"14":{"start":{"line":33,"column":12},"end":{"line":33,"column":null}},"15":{"start":{"line":35,"column":6},"end":{"line":35,"column":40}},"16":{"start":{"line":38,"column":6},"end":{"line":38,"column":null}},"17":{"start":{"line":39,"column":6},"end":{"line":39,"column":57}},"18":{"start":{"line":42,"column":0},"end":{"line":42,"column":null}},"19":{"start":{"line":18,"column":13},"end":{"line":18,"column":28}}},"fnMap":{"0":{"name":"(anonymous_13)","decl":{"start":{"line":18,"column":0},"end":{"line":18,"column":13}},"loc":{"start":{"line":18,"column":0},"end":{"line":42,"column":null}}},"1":{"name":"(anonymous_15)","decl":{"start":{"line":19,"column":2},"end":{"line":19,"column":8}},"loc":{"start":{"line":19,"column":49},"end":{"line":41,"column":null}}}},"branchMap":{"0":{"loc":{"start":{"line":26,"column":4},"end":{"line":28,"column":null}},"type":"if","locations":[{"start":{"line":26,"column":4},"end":{"line":28,"column":null}}]}},"s":{"0":1,"1":1,"2":1,"3":1,"4":1,"5":1,"6":5,"7":5,"8":5,"9":5,"10":5,"11":3,"12":2,"13":2,"14":2,"15":1,"16":1,"17":1,"18":1,"19":1},"f":{"0":6,"1":5},"b":{"0":[3]}}
,"/Users/joaopedro/projetos/ext/web-crawler/src/controllers/index.ts": {"path":"/Users/joaopedro/projetos/ext/web-crawler/src/controllers/index.ts","statementMap":{"0":{"start":{"line":1,"column":0},"end":{"line":1,"column":8}},"1":{"start":{"line":5,"column":3},"end":{"line":1,"column":53}}},"fnMap":{"0":{"name":"(anonymous_0)","decl":{"start":{"line":5,"column":3},"end":{"line":5,"column":18}},"loc":{"start":{"line":5,"column":3},"end":{"line":1,"column":53}}}},"branchMap":{},"s":{"0":1,"1":6},"f":{"0":5},"b":{}}
,"/Users/joaopedro/projetos/ext/web-crawler/src/services/getPagesData.ts": {"path":"/Users/joaopedro/projetos/ext/web-crawler/src/services/getPagesData.ts","statementMap":{"0":{"start":{"line":2,"column":0},"end":{"line":2,"column":34}},"1":{"start":{"line":21,"column":0},"end":{"line":21,"column":null}},"2":{"start":{"line":26,"column":4},"end":{"line":26,"column":21}},"3":{"start":{"line":29,"column":15},"end":{"line":145,"column":null}},"4":{"start":{"line":29,"column":29},"end":{"line":29,"column":30}},"5":{"start":{"line":29,"column":33},"end":{"line":29,"column":40}},"6":{"start":{"line":31,"column":12},"end":{"line":31,"column":null}},"7":{"start":{"line":32,"column":22},"end":{"line":34,"column":null}},"8":{"start":{"line":32,"column":12},"end":{"line":34,"column":null}},"9":{"start":{"line":35,"column":19},"end":{"line":35,"column":null}},"10":{"start":{"line":35,"column":12},"end":{"line":35,"column":null}},"11":{"start":{"line":39,"column":6},"end":{"line":39,"column":null}},"12":{"start":{"line":40,"column":6},"end":{"line":40,"column":null}},"13":{"start":{"line":42,"column":28},"end":{"line":42,"column":null}},"14":{"start":{"line":42,"column":12},"end":{"line":42,"column":null}},"15":{"start":{"line":44,"column":20},"end":{"line":44,"column":null}},"16":{"start":{"line":44,"column":12},"end":{"line":44,"column":null}},"17":{"start":{"line":49,"column":23},"end":{"line":49,"column":null}},"18":{"start":{"line":49,"column":12},"end":{"line":49,"column":null}},"19":{"start":{"line":51,"column":23},"end":{"line":51,"column":null}},"20":{"start":{"line":51,"column":12},"end":{"line":51,"column":null}},"21":{"start":{"line":53,"column":6},"end":{"line":53,"column":null}},"22":{"start":{"line":54,"column":6},"end":{"line":54,"column":null}},"23":{"start":{"line":56,"column":21},"end":{"line":56,"column":null}},"24":{"start":{"line":56,"column":12},"end":{"line":56,"column":null}},"25":{"start":{"line":58,"column":6},"end":{"line":58,"column":28}},"26":{"start":{"line":59,"column":6},"end":{"line":59,"column":39}},"27":{"start":{"line":60,"column":12},"end":{"line":60,"column":35}},"28":{"start":{"line":61,"column":12},"end":{"line":61,"column":null}},"29":{"start":{"line":62,"column":12},"end":{"line":62,"column":null}},"30":{"start":{"line":63,"column":6},"end":{"line":63,"column":null}},"31":{"start":{"line":65,"column":20},"end":{"line":65,"column":74}},"32":{"start":{"line":65,"column":12},"end":{"line":65,"column":null}},"33":{"start":{"line":66,"column":6},"end":{"line":66,"column":null}},"34":{"start":{"line":67,"column":23},"end":{"line":67,"column":null}},"35":{"start":{"line":67,"column":12},"end":{"line":67,"column":null}},"36":{"start":{"line":68,"column":6},"end":{"line":68,"column":null}},"37":{"start":{"line":69,"column":6},"end":{"line":69,"column":null}},"38":{"start":{"line":70,"column":6},"end":{"line":70,"column":null}},"39":{"start":{"line":72,"column":6},"end":{"line":72,"column":null}},"40":{"start":{"line":76,"column":8},"end":{"line":76,"column":null}},"41":{"start":{"line":77,"column":8},"end":{"line":77,"column":null}},"42":{"start":{"line":79,"column":21},"end":{"line":79,"column":69}},"43":{"start":{"line":79,"column":14},"end":{"line":79,"column":null}},"44":{"start":{"line":81,"column":8},"end":{"line":81,"column":null}},"45":{"start":{"line":83,"column":8},"end":{"line":83,"column":null}},"46":{"start":{"line":85,"column":14},"end":{"line":85,"column":null}},"47":{"start":{"line":86,"column":14},"end":{"line":86,"column":null}},"48":{"start":{"line":87,"column":8},"end":{"line":87,"column":null}},"49":{"start":{"line":89,"column":29},"end":{"line":89,"column":86}},"50":{"start":{"line":89,"column":14},"end":{"line":89,"column":null}},"51":{"start":{"line":90,"column":28},"end":{"line":90,"column":85}},"52":{"start":{"line":90,"column":14},"end":{"line":90,"column":null}},"53":{"start":{"line":95,"column":8},"end":{"line":95,"column":null}},"54":{"start":{"line":96,"column":8},"end":{"line":96,"column":null}},"55":{"start":{"line":98,"column":8},"end":{"line":98,"column":null}},"56":{"start":{"line":102,"column":8},"end":{"line":102,"column":null}},"57":{"start":{"line":106,"column":8},"end":{"line":106,"column":null}},"58":{"start":{"line":108,"column":10},"end":{"line":108,"column":null}},"59":{"start":{"line":109,"column":10},"end":{"line":109,"column":null}},"60":{"start":{"line":113,"column":10},"end":{"line":113,"column":null}},"61":{"start":{"line":115,"column":10},"end":{"line":115,"column":null}},"62":{"start":{"line":117,"column":29},"end":{"line":117,"column":null}},"63":{"start":{"line":117,"column":16},"end":{"line":117,"column":null}},"64":{"start":{"line":119,"column":10},"end":{"line":119,"column":null}},"65":{"start":{"line":121,"column":10},"end":{"line":121,"column":null}},"66":{"start":{"line":123,"column":16},"end":{"line":123,"column":null}},"67":{"start":{"line":125,"column":32},"end":{"line":125,"column":87}},"68":{"start":{"line":125,"column":16},"end":{"line":125,"column":null}},"69":{"start":{"line":126,"column":10},"end":{"line":126,"column":null}},"70":{"start":{"line":127,"column":10},"end":{"line":127,"column":null}},"71":{"start":{"line":129,"column":10},"end":{"line":129,"column":null}},"72":{"start":{"line":130,"column":10},"end":{"line":130,"column":null}},"73":{"start":{"line":133,"column":16},"end":{"line":133,"column":null}},"74":{"start":{"line":134,"column":10},"end":{"line":134,"column":null}},"75":{"start":{"line":135,"column":31},"end":{"line":135,"column":null}},"76":{"start":{"line":135,"column":16},"end":{"line":135,"column":null}},"77":{"start":{"line":136,"column":22},"end":{"line":136,"column":null}},"78":{"start":{"line":136,"column":50},"end":{"line":136,"column":67}},"79":{"start":{"line":136,"column":14},"end":{"line":136,"column":null}},"80":{"start":{"line":138,"column":10},"end":{"line":138,"column":null}},"81":{"start":{"line":142,"column":6},"end":{"line":142,"column":null}},"82":{"start":{"line":143,"column":6},"end":{"line":143,"column":52}},"83":{"start":{"line":147,"column":0},"end":{"line":147,"column":null}},"84":{"start":{"line":149,"column":0},"end":{"line":149,"column":28}}},"fnMap":{"0":{"name":"(anonymous_14)","decl":{"start":{"line":21,"column":0},"end":{"line":21,"column":null}},"loc":{"start":{"line":21,"column":0},"end":{"line":147,"column":null}}},"1":{"name":"GetPagesData","decl":{"start":{"line":25,"column":2},"end":{"line":25,"column":null}},"loc":{"start":{"line":25,"column":2},"end":{"line":27,"column":3}}},"2":{"name":"(anonymous_16)","decl":{"start":{"line":29,"column":2},"end":{"line":29,"column":15}},"loc":{"start":{"line":29,"column":40},"end":{"line":145,"column":null}}},"3":{"name":"(anonymous_19)","decl":{"start":{"line":136,"column":44},"end":{"line":136,"column":46}},"loc":{"start":{"line":136,"column":46},"end":{"line":136,"column":52}}}},"branchMap":{"0":{"loc":{"start":{"line":44,"column":26},"end":{"line":44,"column":55}},"type":"cond-expr","locations":[{"start":{"line":44,"column":39},"end":{"line":44,"column":41}},{"start":{"line":44,"column":26},"end":{"line":44,"column":55}}]},"1":{"loc":{"start":{"line":44,"column":26},"end":{"line":44,"column":41}},"type":"binary-expr","locations":[{"start":{"line":44,"column":26},"end":{"line":44,"column":41}},{"start":{"line":44,"column":26},"end":{"line":44,"column":41}}]},"2":{"loc":{"start":{"line":49,"column":29},"end":{"line":49,"column":46}},"type":"cond-expr","locations":[{"start":{"line":49,"column":34},"end":{"line":49,"column":36}},{"start":{"line":49,"column":29},"end":{"line":49,"column":46}}]},"3":{"loc":{"start":{"line":49,"column":29},"end":{"line":49,"column":36}},"type":"binary-expr","locations":[{"start":{"line":49,"column":29},"end":{"line":49,"column":36}},{"start":{"line":49,"column":29},"end":{"line":49,"column":36}}]},"4":{"loc":{"start":{"line":51,"column":29},"end":{"line":51,"column":46}},"type":"cond-expr","locations":[{"start":{"line":51,"column":34},"end":{"line":51,"column":36}},{"start":{"line":51,"column":29},"end":{"line":51,"column":46}}]},"5":{"loc":{"start":{"line":51,"column":29},"end":{"line":51,"column":36}},"type":"binary-expr","locations":[{"start":{"line":51,"column":29},"end":{"line":51,"column":36}},{"start":{"line":51,"column":29},"end":{"line":51,"column":36}}]},"6":{"loc":{"start":{"line":53,"column":12},"end":{"line":53,"column":41}},"type":"cond-expr","locations":[{"start":{"line":53,"column":20},"end":{"line":53,"column":22}},{"start":{"line":53,"column":12},"end":{"line":53,"column":41}}]},"7":{"loc":{"start":{"line":53,"column":12},"end":{"line":53,"column":22}},"type":"binary-expr","locations":[{"start":{"line":53,"column":12},"end":{"line":53,"column":22}},{"start":{"line":53,"column":12},"end":{"line":53,"column":22}}]},"8":{"loc":{"start":{"line":54,"column":12},"end":{"line":54,"column":41}},"type":"cond-expr","locations":[{"start":{"line":54,"column":20},"end":{"line":54,"column":22}},{"start":{"line":54,"column":12},"end":{"line":54,"column":41}}]},"9":{"loc":{"start":{"line":54,"column":12},"end":{"line":54,"column":22}},"type":"binary-expr","locations":[{"start":{"line":54,"column":12},"end":{"line":54,"column":22}},{"start":{"line":54,"column":12},"end":{"line":54,"column":22}}]},"10":{"loc":{"start":{"line":56,"column":27},"end":{"line":56,"column":45}},"type":"cond-expr","locations":[{"start":{"line":56,"column":32},"end":{"line":56,"column":34}},{"start":{"line":56,"column":27},"end":{"line":56,"column":45}}]},"11":{"loc":{"start":{"line":56,"column":27},"end":{"line":56,"column":34}},"type":"binary-expr","locations":[{"start":{"line":56,"column":27},"end":{"line":56,"column":34}},{"start":{"line":56,"column":27},"end":{"line":56,"column":34}}]},"12":{"loc":{"start":{"line":58,"column":12},"end":{"line":58,"column":27}},"type":"cond-expr","locations":[{"start":{"line":58,"column":18},"end":{"line":58,"column":20}},{"start":{"line":58,"column":12},"end":{"line":58,"column":27}}]},"13":{"loc":{"start":{"line":58,"column":12},"end":{"line":58,"column":20}},"type":"binary-expr","locations":[{"start":{"line":58,"column":12},"end":{"line":58,"column":20}},{"start":{"line":58,"column":12},"end":{"line":58,"column":20}}]},"14":{"loc":{"start":{"line":59,"column":12},"end":{"line":59,"column":38}},"type":"cond-expr","locations":[{"start":{"line":59,"column":17},"end":{"line":59,"column":19}},{"start":{"line":59,"column":12},"end":{"line":59,"column":38}}]},"15":{"loc":{"start":{"line":59,"column":12},"end":{"line":59,"column":19}},"type":"binary-expr","locations":[{"start":{"line":59,"column":12},"end":{"line":59,"column":19}},{"start":{"line":59,"column":12},"end":{"line":59,"column":19}}]},"16":{"loc":{"start":{"line":63,"column":12},"end":{"line":63,"column":54}},"type":"cond-expr","locations":[{"start":{"line":63,"column":17},"end":{"line":63,"column":19}},{"start":{"line":63,"column":12},"end":{"line":63,"column":54}}]},"17":{"loc":{"start":{"line":63,"column":12},"end":{"line":63,"column":19}},"type":"binary-expr","locations":[{"start":{"line":63,"column":12},"end":{"line":63,"column":19}},{"start":{"line":63,"column":12},"end":{"line":63,"column":19}}]},"18":{"loc":{"start":{"line":65,"column":26},"end":{"line":65,"column":67}},"type":"cond-expr","locations":[{"start":{"line":65,"column":31},"end":{"line":65,"column":33}},{"start":{"line":65,"column":26},"end":{"line":65,"column":67}}]},"19":{"loc":{"start":{"line":65,"column":26},"end":{"line":65,"column":33}},"type":"binary-expr","locations":[{"start":{"line":65,"column":26},"end":{"line":65,"column":33}},{"start":{"line":65,"column":26},"end":{"line":65,"column":33}}]},"20":{"loc":{"start":{"line":66,"column":12},"end":{"line":66,"column":54}},"type":"cond-expr","locations":[{"start":{"line":66,"column":17},"end":{"line":66,"column":19}},{"start":{"line":66,"column":12},"end":{"line":66,"column":54}}]},"21":{"loc":{"start":{"line":66,"column":12},"end":{"line":66,"column":19}},"type":"binary-expr","locations":[{"start":{"line":66,"column":12},"end":{"line":66,"column":19}},{"start":{"line":66,"column":12},"end":{"line":66,"column":19}}]},"22":{"loc":{"start":{"line":67,"column":29},"end":{"line":67,"column":57}},"type":"cond-expr","locations":[{"start":{"line":67,"column":34},"end":{"line":67,"column":36}},{"start":{"line":67,"column":29},"end":{"line":67,"column":57}}]},"23":{"loc":{"start":{"line":67,"column":29},"end":{"line":67,"column":36}},"type":"binary-expr","locations":[{"start":{"line":67,"column":29},"end":{"line":67,"column":36}},{"start":{"line":67,"column":29},"end":{"line":67,"column":36}}]},"24":{"loc":{"start":{"line":69,"column":12},"end":{"line":69,"column":54}},"type":"cond-expr","locations":[{"start":{"line":69,"column":17},"end":{"line":69,"column":19}},{"start":{"line":69,"column":12},"end":{"line":69,"column":54}}]},"25":{"loc":{"start":{"line":69,"column":12},"end":{"line":69,"column":19}},"type":"binary-expr","locations":[{"start":{"line":69,"column":12},"end":{"line":69,"column":19}},{"start":{"line":69,"column":12},"end":{"line":69,"column":19}}]},"26":{"loc":{"start":{"line":72,"column":12},"end":{"line":72,"column":29}},"type":"cond-expr","locations":[{"start":{"line":72,"column":20},"end":{"line":72,"column":22}},{"start":{"line":72,"column":20},"end":{"line":72,"column":29}}]},"27":{"loc":{"start":{"line":72,"column":12},"end":{"line":72,"column":22}},"type":"binary-expr","locations":[{"start":{"line":72,"column":12},"end":{"line":72,"column":22}},{"start":{"line":72,"column":20},"end":{"line":72,"column":22}}]},"28":{"loc":{"start":{"line":76,"column":14},"end":{"line":76,"column":48}},"type":"cond-expr","locations":[{"start":{"line":76,"column":19},"end":{"line":76,"column":21}},{"start":{"line":76,"column":14},"end":{"line":76,"column":48}}]},"29":{"loc":{"start":{"line":76,"column":14},"end":{"line":76,"column":21}},"type":"binary-expr","locations":[{"start":{"line":76,"column":14},"end":{"line":76,"column":21}},{"start":{"line":76,"column":14},"end":{"line":76,"column":21}}]},"30":{"loc":{"start":{"line":79,"column":27},"end":{"line":79,"column":62}},"type":"cond-expr","locations":[{"start":{"line":79,"column":32},"end":{"line":79,"column":34}},{"start":{"line":79,"column":27},"end":{"line":79,"column":62}}]},"31":{"loc":{"start":{"line":79,"column":27},"end":{"line":79,"column":34}},"type":"binary-expr","locations":[{"start":{"line":79,"column":27},"end":{"line":79,"column":34}},{"start":{"line":79,"column":27},"end":{"line":79,"column":34}}]},"32":{"loc":{"start":{"line":81,"column":14},"end":{"line":81,"column":30}},"type":"cond-expr","locations":[{"start":{"line":81,"column":21},"end":{"line":81,"column":23}},{"start":{"line":81,"column":21},"end":{"line":81,"column":30}}]},"33":{"loc":{"start":{"line":81,"column":14},"end":{"line":81,"column":23}},"type":"binary-expr","locations":[{"start":{"line":81,"column":14},"end":{"line":81,"column":23}},{"start":{"line":81,"column":21},"end":{"line":81,"column":23}}]},"34":{"loc":{"start":{"line":87,"column":14},"end":{"line":87,"column":46}},"type":"cond-expr","locations":[{"start":{"line":87,"column":19},"end":{"line":87,"column":21}},{"start":{"line":87,"column":14},"end":{"line":87,"column":46}}]},"35":{"loc":{"start":{"line":87,"column":14},"end":{"line":87,"column":21}},"type":"binary-expr","locations":[{"start":{"line":87,"column":14},"end":{"line":87,"column":21}},{"start":{"line":87,"column":14},"end":{"line":87,"column":21}}]},"36":{"loc":{"start":{"line":89,"column":35},"end":{"line":89,"column":79}},"type":"cond-expr","locations":[{"start":{"line":89,"column":40},"end":{"line":89,"column":42}},{"start":{"line":89,"column":35},"end":{"line":89,"column":79}}]},"37":{"loc":{"start":{"line":89,"column":35},"end":{"line":89,"column":42}},"type":"binary-expr","locations":[{"start":{"line":89,"column":35},"end":{"line":89,"column":42}},{"start":{"line":89,"column":35},"end":{"line":89,"column":42}}]},"38":{"loc":{"start":{"line":90,"column":34},"end":{"line":90,"column":78}},"type":"cond-expr","locations":[{"start":{"line":90,"column":39},"end":{"line":90,"column":41}},{"start":{"line":90,"column":34},"end":{"line":90,"column":78}}]},"39":{"loc":{"start":{"line":90,"column":34},"end":{"line":90,"column":41}},"type":"binary-expr","locations":[{"start":{"line":90,"column":34},"end":{"line":90,"column":41}},{"start":{"line":90,"column":34},"end":{"line":90,"column":41}}]},"40":{"loc":{"start":{"line":96,"column":14},"end":{"line":96,"column":37}},"type":"cond-expr","locations":[{"start":{"line":96,"column":28},"end":{"line":96,"column":30}},{"start":{"line":96,"column":28},"end":{"line":96,"column":37}}]},"41":{"loc":{"start":{"line":96,"column":14},"end":{"line":96,"column":30}},"type":"binary-expr","locations":[{"start":{"line":96,"column":14},"end":{"line":96,"column":30}},{"start":{"line":96,"column":28},"end":{"line":96,"column":30}}]},"42":{"loc":{"start":{"line":98,"column":14},"end":{"line":98,"column":37}},"type":"cond-expr","locations":[{"start":{"line":98,"column":28},"end":{"line":98,"column":30}},{"start":{"line":98,"column":28},"end":{"line":98,"column":37}}]},"43":{"loc":{"start":{"line":98,"column":14},"end":{"line":98,"column":30}},"type":"binary-expr","locations":[{"start":{"line":98,"column":14},"end":{"line":98,"column":30}},{"start":{"line":98,"column":28},"end":{"line":98,"column":30}}]},"44":{"loc":{"start":{"line":102,"column":14},"end":{"line":102,"column":46}},"type":"cond-expr","locations":[{"start":{"line":102,"column":19},"end":{"line":102,"column":21}},{"start":{"line":102,"column":14},"end":{"line":102,"column":46}}]},"45":{"loc":{"start":{"line":102,"column":14},"end":{"line":102,"column":21}},"type":"binary-expr","locations":[{"start":{"line":102,"column":14},"end":{"line":102,"column":21}},{"start":{"line":102,"column":14},"end":{"line":102,"column":21}}]},"46":{"loc":{"start":{"line":108,"column":10},"end":{"line":108,"column":34}},"type":"cond-expr","locations":[{"start":{"line":108,"column":25},"end":{"line":108,"column":27}},{"start":{"line":108,"column":25},"end":{"line":108,"column":34}}]},"47":{"loc":{"start":{"line":108,"column":10},"end":{"line":108,"column":27}},"type":"binary-expr","locations":[{"start":{"line":108,"column":10},"end":{"line":108,"column":27}},{"start":{"line":108,"column":25},"end":{"line":108,"column":27}}]},"48":{"loc":{"start":{"line":109,"column":10},"end":{"line":109,"column":34}},"type":"cond-expr","locations":[{"start":{"line":109,"column":25},"end":{"line":109,"column":27}},{"start":{"line":109,"column":25},"end":{"line":109,"column":34}}]},"49":{"loc":{"start":{"line":109,"column":10},"end":{"line":109,"column":27}},"type":"binary-expr","locations":[{"start":{"line":109,"column":10},"end":{"line":109,"column":27}},{"start":{"line":109,"column":25},"end":{"line":109,"column":27}}]},"50":{"loc":{"start":{"line":115,"column":16},"end":{"line":115,"column":47}},"type":"cond-expr","locations":[{"start":{"line":115,"column":21},"end":{"line":115,"column":23}},{"start":{"line":115,"column":16},"end":{"line":115,"column":47}}]},"51":{"loc":{"start":{"line":115,"column":16},"end":{"line":115,"column":23}},"type":"binary-expr","locations":[{"start":{"line":115,"column":16},"end":{"line":115,"column":23}},{"start":{"line":115,"column":16},"end":{"line":115,"column":23}}]},"52":{"loc":{"start":{"line":117,"column":35},"end":{"line":117,"column":52}},"type":"cond-expr","locations":[{"start":{"line":117,"column":40},"end":{"line":117,"column":42}},{"start":{"line":117,"column":35},"end":{"line":117,"column":52}}]},"53":{"loc":{"start":{"line":117,"column":35},"end":{"line":117,"column":42}},"type":"binary-expr","locations":[{"start":{"line":117,"column":35},"end":{"line":117,"column":42}},{"start":{"line":117,"column":35},"end":{"line":117,"column":42}}]},"54":{"loc":{"start":{"line":119,"column":16},"end":{"line":119,"column":37}},"type":"cond-expr","locations":[{"start":{"line":119,"column":26},"end":{"line":119,"column":28}},{"start":{"line":119,"column":16},"end":{"line":119,"column":37}}]},"55":{"loc":{"start":{"line":119,"column":16},"end":{"line":119,"column":28}},"type":"binary-expr","locations":[{"start":{"line":119,"column":16},"end":{"line":119,"column":28}},{"start":{"line":119,"column":16},"end":{"line":119,"column":28}}]},"56":{"loc":{"start":{"line":125,"column":38},"end":{"line":125,"column":80}},"type":"cond-expr","locations":[{"start":{"line":125,"column":43},"end":{"line":125,"column":45}},{"start":{"line":125,"column":38},"end":{"line":125,"column":80}}]},"57":{"loc":{"start":{"line":125,"column":38},"end":{"line":125,"column":45}},"type":"binary-expr","locations":[{"start":{"line":125,"column":38},"end":{"line":125,"column":45}},{"start":{"line":125,"column":38},"end":{"line":125,"column":45}}]},"58":{"loc":{"start":{"line":129,"column":16},"end":{"line":129,"column":41}},"type":"cond-expr","locations":[{"start":{"line":129,"column":32},"end":{"line":129,"column":34}},{"start":{"line":129,"column":32},"end":{"line":129,"column":41}}]},"59":{"loc":{"start":{"line":129,"column":16},"end":{"line":129,"column":34}},"type":"binary-expr","locations":[{"start":{"line":129,"column":16},"end":{"line":129,"column":34}},{"start":{"line":129,"column":32},"end":{"line":129,"column":34}}]},"60":{"loc":{"start":{"line":130,"column":16},"end":{"line":130,"column":41}},"type":"cond-expr","locations":[{"start":{"line":130,"column":32},"end":{"line":130,"column":34}},{"start":{"line":130,"column":32},"end":{"line":130,"column":41}}]},"61":{"loc":{"start":{"line":130,"column":16},"end":{"line":130,"column":34}},"type":"binary-expr","locations":[{"start":{"line":130,"column":16},"end":{"line":130,"column":34}},{"start":{"line":130,"column":32},"end":{"line":130,"column":34}}]},"62":{"loc":{"start":{"line":134,"column":16},"end":{"line":134,"column":53}},"type":"cond-expr","locations":[{"start":{"line":134,"column":21},"end":{"line":134,"column":23}},{"start":{"line":134,"column":16},"end":{"line":134,"column":53}}]},"63":{"loc":{"start":{"line":134,"column":16},"end":{"line":134,"column":23}},"type":"binary-expr","locations":[{"start":{"line":134,"column":16},"end":{"line":134,"column":23}},{"start":{"line":134,"column":16},"end":{"line":134,"column":23}}]},"64":{"loc":{"start":{"line":135,"column":37},"end":{"line":135,"column":60}},"type":"cond-expr","locations":[{"start":{"line":135,"column":42},"end":{"line":135,"column":44}},{"start":{"line":135,"column":37},"end":{"line":135,"column":60}}]},"65":{"loc":{"start":{"line":135,"column":37},"end":{"line":135,"column":44}},"type":"binary-expr","locations":[{"start":{"line":135,"column":37},"end":{"line":135,"column":44}},{"start":{"line":135,"column":37},"end":{"line":135,"column":44}}]},"66":{"loc":{"start":{"line":136,"column":28},"end":{"line":136,"column":80}},"type":"cond-expr","locations":[{"start":{"line":136,"column":33},"end":{"line":136,"column":35}},{"start":{"line":136,"column":28},"end":{"line":136,"column":80}}]},"67":{"loc":{"start":{"line":136,"column":28},"end":{"line":136,"column":35}},"type":"binary-expr","locations":[{"start":{"line":136,"column":28},"end":{"line":136,"column":35}},{"start":{"line":136,"column":28},"end":{"line":136,"column":35}}]},"68":{"loc":{"start":{"line":136,"column":50},"end":{"line":136,"column":65}},"type":"cond-expr","locations":[{"start":{"line":136,"column":52},"end":{"line":136,"column":54}},{"start":{"line":136,"column":50},"end":{"line":136,"column":65}}]},"69":{"loc":{"start":{"line":136,"column":50},"end":{"line":136,"column":54}},"type":"binary-expr","locations":[{"start":{"line":136,"column":50},"end":{"line":136,"column":54}},{"start":{"line":136,"column":50},"end":{"line":136,"column":54}}]}},"s":{"0":2,"1":2,"2":1,"3":2,"4":2,"5":2,"6":2,"7":2,"8":2,"9":1,"10":1,"11":2,"12":2,"13":1,"14":1,"15":1,"16":1,"17":1,"18":1,"19":1,"20":1,"21":2,"22":2,"23":1,"24":1,"25":2,"26":2,"27":1,"28":1,"29":1,"30":2,"31":1,"32":1,"33":2,"34":1,"35":1,"36":1,"37":2,"38":2,"39":2,"40":2,"41":2,"42":1,"43":1,"44":2,"45":2,"46":1,"47":1,"48":2,"49":1,"50":1,"51":1,"52":1,"53":2,"54":2,"55":2,"56":2,"57":2,"58":1,"59":1,"60":2,"61":2,"62":1,"63":1,"64":2,"65":1,"66":1,"67":1,"68":1,"69":1,"70":2,"71":2,"72":2,"73":1,"74":2,"75":1,"76":1,"77":1,"78":0,"79":1,"80":1,"81":1,"82":1,"83":2,"84":2},"f":{"0":2,"1":1,"2":2,"3":0},"b":{"0":[0,1],"1":[1,1],"2":[0,1],"3":[1,1],"4":[0,1],"5":[1,1],"6":[1,0],"7":[1,1],"8":[1,0],"9":[1,1],"10":[0,1],"11":[1,1],"12":[1,0],"13":[1,1],"14":[0,1],"15":[1,1],"16":[0,1],"17":[1,1],"18":[0,1],"19":[1,1],"20":[0,1],"21":[1,1],"22":[0,1],"23":[1,1],"24":[0,1],"25":[1,1],"26":[1,0],"27":[1,1],"28":[0,1],"29":[1,1],"30":[0,1],"31":[1,1],"32":[1,0],"33":[1,1],"34":[0,1],"35":[1,1],"36":[0,1],"37":[1,1],"38":[0,1],"39":[1,1],"40":[1,0],"41":[1,1],"42":[1,0],"43":[1,1],"44":[0,1],"45":[1,1],"46":[1,0],"47":[1,1],"48":[1,0],"49":[1,1],"50":[0,1],"51":[1,1],"52":[0,1],"53":[1,1],"54":[1,0],"55":[1,1],"56":[0,1],"57":[1,1],"58":[1,0],"59":[1,1],"60":[1,0],"61":[1,1],"62":[0,1],"63":[1,1],"64":[0,1],"65":[1,1],"66":[0,1],"67":[1,1],"68":[0,0],"69":[0,0]}}
,"/Users/joaopedro/projetos/ext/web-crawler/src/services/index.ts": {"path":"/Users/joaopedro/projetos/ext/web-crawler/src/services/index.ts","statementMap":{"0":{"start":{"line":1,"column":0},"end":{"line":1,"column":7}},"1":{"start":{"line":3,"column":2},"end":{"line":1,"column":41}}},"fnMap":{},"branchMap":{},"s":{"0":2,"1":2},"f":{},"b":{}}
,"/Users/joaopedro/projetos/ext/web-crawler/src/validators/pageRules.validators.ts": {"path":"/Users/joaopedro/projetos/ext/web-crawler/src/validators/pageRules.validators.ts","statementMap":{"0":{"start":{"line":1,"column":0},"end":{"line":1,"column":69}},"1":{"start":{"line":2,"column":0},"end":{"line":2,"column":13}},"2":{"start":{"line":4,"column":2},"end":{"line":4,"column":null}},"3":{"start":{"line":7,"column":2},"end":{"line":7,"column":null}},"4":{"start":{"line":10,"column":2},"end":{"line":10,"column":null}},"5":{"start":{"line":11,"column":0},"end":{"line":11,"column":null}},"6":{"start":{"line":2,"column":13},"end":{"line":2,"column":22}}},"fnMap":{"0":{"name":"(anonymous_1)","decl":{"start":{"line":2,"column":0},"end":{"line":2,"column":13}},"loc":{"start":{"line":2,"column":0},"end":{"line":2,"column":13}}}},"branchMap":{},"s":{"0":1,"1":1,"2":1,"3":1,"4":1,"5":1,"6":1},"f":{"0":6},"b":{}}
}
