{"/Users/joaopedro/projetos/ext/web-crawler/src/controllers/PagesDataController.ts": {"path":"/Users/joaopedro/projetos/ext/web-crawler/src/controllers/PagesDataController.ts","statementMap":{"0":{"start":{"line":2,"column":0},"end":{"line":2,"column":49}},"1":{"start":{"line":3,"column":0},"end":{"line":3,"column":62}},"2":{"start":{"line":4,"column":0},"end":{"line":4,"column":49}},"3":{"start":{"line":7,"column":0},"end":{"line":7,"column":43}},"4":{"start":{"line":18,"column":0},"end":{"line":18,"column":13}},"5":{"start":{"line":19,"column":8},"end":{"line":41,"column":null}},"6":{"start":{"line":20,"column":10},"end":{"line":20,"column":26}},"7":{"start":{"line":22,"column":10},"end":{"line":22,"column":99}},"8":{"start":{"line":24,"column":20},"end":{"line":24,"column":null}},"9":{"start":{"line":24,"column":10},"end":{"line":24,"column":null}},"10":{"start":{"line":26,"column":4},"end":{"line":28,"column":null}},"11":{"start":{"line":27,"column":6},"end":{"line":27,"column":null}},"12":{"start":{"line":31,"column":12},"end":{"line":31,"column":48}},"13":{"start":{"line":33,"column":26},"end":{"line":33,"column":null}},"14":{"start":{"line":33,"column":12},"end":{"line":33,"column":null}},"15":{"start":{"line":35,"column":6},"end":{"line":35,"column":40}},"16":{"start":{"line":38,"column":6},"end":{"line":38,"column":null}},"17":{"start":{"line":39,"column":6},"end":{"line":39,"column":57}},"18":{"start":{"line":42,"column":0},"end":{"line":42,"column":null}},"19":{"start":{"line":18,"column":13},"end":{"line":18,"column":28}}},"fnMap":{"0":{"name":"(anonymous_13)","decl":{"start":{"line":18,"column":0},"end":{"line":18,"column":13}},"loc":{"start":{"line":18,"column":0},"end":{"line":42,"column":null}}},"1":{"name":"(anonymous_15)","decl":{"start":{"line":19,"column":2},"end":{"line":19,"column":8}},"loc":{"start":{"line":19,"column":49},"end":{"line":41,"column":null}}}},"branchMap":{"0":{"loc":{"start":{"line":26,"column":4},"end":{"line":28,"column":null}},"type":"if","locations":[{"start":{"line":26,"column":4},"end":{"line":28,"column":null}}]}},"s":{"0":1,"1":1,"2":1,"3":1,"4":1,"5":1,"6":5,"7":5,"8":5,"9":5,"10":5,"11":3,"12":2,"13":2,"14":2,"15":1,"16":1,"17":1,"18":1,"19":1},"f":{"0":6,"1":5},"b":{"0":[3]}}
,"/Users/joaopedro/projetos/ext/web-crawler/src/controllers/index.ts": {"path":"/Users/joaopedro/projetos/ext/web-crawler/src/controllers/index.ts","statementMap":{"0":{"start":{"line":1,"column":0},"end":{"line":1,"column":8}},"1":{"start":{"line":5,"column":3},"end":{"line":1,"column":53}}},"fnMap":{"0":{"name":"(anonymous_0)","decl":{"start":{"line":5,"column":3},"end":{"line":5,"column":18}},"loc":{"start":{"line":5,"column":3},"end":{"line":1,"column":53}}}},"branchMap":{},"s":{"0":1,"1":6},"f":{"0":5},"b":{}}
,"/Users/joaopedro/projetos/ext/web-crawler/src/services/getPagesData.ts": {"path":"/Users/joaopedro/projetos/ext/web-crawler/src/services/getPagesData.ts","statementMap":{"0":{"start":{"line":2,"column":0},"end":{"line":2,"column":34}},"1":{"start":{"line":21,"column":0},"end":{"line":21,"column":null}},"2":{"start":{"line":26,"column":4},"end":{"line":26,"column":21}},"3":{"start":{"line":29,"column":15},"end":{"line":145,"column":null}},"4":{"start":{"line":29,"column":29},"end":{"line":29,"column":30}},"5":{"start":{"line":29,"column":33},"end":{"line":29,"column":40}},"6":{"start":{"line":31,"column":12},"end":{"line":31,"column":null}},"7":{"start":{"line":32,"column":22},"end":{"line":34,"column":null}},"8":{"start":{"line":32,"column":12},"end":{"line":34,"column":null}},"9":{"start":{"line":35,"column":19},"end":{"line":35,"column":null}},"10":{"start":{"line":35,"column":12},"end":{"line":35,"column":null}},"11":{"start":{"line":39,"column":6},"end":{"line":39,"column":null}},"12":{"start":{"line":40,"column":6},"end":{"line":40,"column":null}},"13":{"start":{"line":42,"column":28},"end":{"line":42,"column":null}},"14":{"start":{"line":42,"column":12},"end":{"line":42,"column":null}},"15":{"start":{"line":44,"column":20},"end":{"line":44,"column":null}},"16":{"start":{"line":44,"column":12},"end":{"line":44,"column":null}},"17":{"start":{"line":49,"column":23},"end":{"line":49,"column":null}},"18":{"start":{"line":49,"column":12},"end":{"line":49,"column":null}},"19":{"start":{"line":51,"column":23},"end":{"line":51,"column":null}},"20":{"start":{"line":51,"column":12},"end":{"line":51,"column":null}},"21":{"start":{"line":53,"column":6},"end":{"line":53,"column":null}},"22":{"start":{"line":54,"column":6},"end":{"line":54,"column":null}},"23":{"start":{"line":56,"column":21},"end":{"line":56,"column":null}},"24":{"start":{"line":56,"column":12},"end":{"line":56,"column":null}},"25":{"start":{"line":58,"column":6},"end":{"line":58,"column":28}},"26":{"start":{"line":59,"column":6},"end":{"line":59,"column":39}},"27":{"start":{"line":60,"column":12},"end":{"line":60,"column":35}},"28":{"start":{"line":61,"column":12},"end":{"line":61,"column":null}},"29":{"start":{"line":62,"column":12},"end":{"line":62,"column":null}},"30":{"start":{"line":63,"column":6},"end":{"line":63,"column":null}},"31":{"start":{"line":65,"column":20},"end":{"line":65,"column":74}},"32":{"start":{"line":65,"column":12},"end":{"line":65,"column":null}},"33":{"start":{"line":66,"column":6},"end":{"line":66,"column":null}},"34":{"start":{"line":67,"column":23},"end":{"line":67,"column":null}},"35":{"start":{"line":67,"column":12},"end":{"line":67,"column":null}},"36":{"start":{"line":69,"column":6},"end":{"line":69,"column":null}},"37":{"start":{"line":70,"column":6},"end":{"line":70,"column":null}},"38":{"start":{"line":72,"column":6},"end":{"line":72,"column":null}},"39":{"start":{"line":76,"column":8},"end":{"line":76,"column":null}},"40":{"start":{"line":77,"column":8},"end":{"line":77,"column":null}},"41":{"start":{"line":79,"column":21},"end":{"line":79,"column":69}},"42":{"start":{"line":79,"column":14},"end":{"line":79,"column":null}},"43":{"start":{"line":80,"column":8},"end":{"line":80,"column":null}},"44":{"start":{"line":82,"column":8},"end":{"line":82,"column":null}},"45":{"start":{"line":84,"column":8},"end":{"line":84,"column":null}},"46":{"start":{"line":86,"column":14},"end":{"line":86,"column":null}},"47":{"start":{"line":87,"column":14},"end":{"line":87,"column":null}},"48":{"start":{"line":88,"column":8},"end":{"line":88,"column":null}},"49":{"start":{"line":90,"column":29},"end":{"line":90,"column":86}},"50":{"start":{"line":90,"column":14},"end":{"line":90,"column":null}},"51":{"start":{"line":91,"column":28},"end":{"line":91,"column":85}},"52":{"start":{"line":91,"column":14},"end":{"line":91,"column":null}},"53":{"start":{"line":96,"column":8},"end":{"line":96,"column":null}},"54":{"start":{"line":97,"column":8},"end":{"line":97,"column":null}},"55":{"start":{"line":99,"column":8},"end":{"line":99,"column":null}},"56":{"start":{"line":103,"column":8},"end":{"line":103,"column":null}},"57":{"start":{"line":107,"column":8},"end":{"line":107,"column":null}},"58":{"start":{"line":109,"column":10},"end":{"line":109,"column":null}},"59":{"start":{"line":110,"column":10},"end":{"line":110,"column":null}},"60":{"start":{"line":114,"column":10},"end":{"line":114,"column":null}},"61":{"start":{"line":116,"column":10},"end":{"line":116,"column":null}},"62":{"start":{"line":118,"column":29},"end":{"line":118,"column":null}},"63":{"start":{"line":118,"column":16},"end":{"line":118,"column":null}},"64":{"start":{"line":120,"column":10},"end":{"line":120,"column":null}},"65":{"start":{"line":122,"column":10},"end":{"line":122,"column":null}},"66":{"start":{"line":124,"column":16},"end":{"line":124,"column":null}},"67":{"start":{"line":126,"column":32},"end":{"line":126,"column":87}},"68":{"start":{"line":126,"column":16},"end":{"line":126,"column":null}},"69":{"start":{"line":127,"column":10},"end":{"line":127,"column":null}},"70":{"start":{"line":128,"column":10},"end":{"line":128,"column":null}},"71":{"start":{"line":130,"column":10},"end":{"line":130,"column":null}},"72":{"start":{"line":131,"column":10},"end":{"line":131,"column":null}},"73":{"start":{"line":134,"column":16},"end":{"line":134,"column":null}},"74":{"start":{"line":135,"column":10},"end":{"line":135,"column":null}},"75":{"start":{"line":136,"column":31},"end":{"line":136,"column":null}},"76":{"start":{"line":136,"column":16},"end":{"line":136,"column":null}},"77":{"start":{"line":137,"column":22},"end":{"line":137,"column":null}},"78":{"start":{"line":137,"column":50},"end":{"line":137,"column":67}},"79":{"start":{"line":137,"column":14},"end":{"line":137,"column":null}},"80":{"start":{"line":139,"column":10},"end":{"line":139,"column":null}},"81":{"start":{"line":143,"column":6},"end":{"line":143,"column":57}},"82":{"start":{"line":147,"column":0},"end":{"line":147,"column":null}},"83":{"start":{"line":149,"column":0},"end":{"line":149,"column":28}}},"fnMap":{"0":{"name":"(anonymous_14)","decl":{"start":{"line":21,"column":0},"end":{"line":21,"column":null}},"loc":{"start":{"line":21,"column":0},"end":{"line":147,"column":null}}},"1":{"name":"GetPagesData","decl":{"start":{"line":25,"column":2},"end":{"line":25,"column":null}},"loc":{"start":{"line":25,"column":2},"end":{"line":27,"column":3}}},"2":{"name":"(anonymous_16)","decl":{"start":{"line":29,"column":2},"end":{"line":29,"column":15}},"loc":{"start":{"line":29,"column":40},"end":{"line":145,"column":null}}},"3":{"name":"(anonymous_19)","decl":{"start":{"line":137,"column":44},"end":{"line":137,"column":46}},"loc":{"start":{"line":137,"column":46},"end":{"line":137,"column":52}}}},"branchMap":{"0":{"loc":{"start":{"line":44,"column":26},"end":{"line":44,"column":55}},"type":"cond-expr","locations":[{"start":{"line":44,"column":39},"end":{"line":44,"column":41}},{"start":{"line":44,"column":26},"end":{"line":44,"column":55}}]},"1":{"loc":{"start":{"line":44,"column":26},"end":{"line":44,"column":41}},"type":"binary-expr","locations":[{"start":{"line":44,"column":26},"end":{"line":44,"column":41}},{"start":{"line":44,"column":26},"end":{"line":44,"column":41}}]},"2":{"loc":{"start":{"line":49,"column":29},"end":{"line":49,"column":46}},"type":"cond-expr","locations":[{"start":{"line":49,"column":34},"end":{"line":49,"column":36}},{"start":{"line":49,"column":29},"end":{"line":49,"column":46}}]},"3":{"loc":{"start":{"line":49,"column":29},"end":{"line":49,"column":36}},"type":"binary-expr","locations":[{"start":{"line":49,"column":29},"end":{"line":49,"column":36}},{"start":{"line":49,"column":29},"end":{"line":49,"column":36}}]},"4":{"loc":{"start":{"line":51,"column":29},"end":{"line":51,"column":46}},"type":"cond-expr","locations":[{"start":{"line":51,"column":34},"end":{"line":51,"column":36}},{"start":{"line":51,"column":29},"end":{"line":51,"column":46}}]},"5":{"loc":{"start":{"line":51,"column":29},"end":{"line":51,"column":36}},"type":"binary-expr","locations":[{"start":{"line":51,"column":29},"end":{"line":51,"column":36}},{"start":{"line":51,"column":29},"end":{"line":51,"column":36}}]},"6":{"loc":{"start":{"line":53,"column":12},"end":{"line":53,"column":41}},"type":"cond-expr","locations":[{"start":{"line":53,"column":20},"end":{"line":53,"column":22}},{"start":{"line":53,"column":12},"end":{"line":53,"column":41}}]},"7":{"loc":{"start":{"line":53,"column":12},"end":{"line":53,"column":22}},"type":"binary-expr","locations":[{"start":{"line":53,"column":12},"end":{"line":53,"column":22}},{"start":{"line":53,"column":12},"end":{"line":53,"column":22}}]},"8":{"loc":{"start":{"line":54,"column":12},"end":{"line":54,"column":41}},"type":"cond-expr","locations":[{"start":{"line":54,"column":20},"end":{"line":54,"column":22}},{"start":{"line":54,"column":12},"end":{"line":54,"column":41}}]},"9":{"loc":{"start":{"line":54,"column":12},"end":{"line":54,"column":22}},"type":"binary-expr","locations":[{"start":{"line":54,"column":12},"end":{"line":54,"column":22}},{"start":{"line":54,"column":12},"end":{"line":54,"column":22}}]},"10":{"loc":{"start":{"line":56,"column":27},"end":{"line":56,"column":45}},"type":"cond-expr","locations":[{"start":{"line":56,"column":32},"end":{"line":56,"column":34}},{"start":{"line":56,"column":27},"end":{"line":56,"column":45}}]},"11":{"loc":{"start":{"line":56,"column":27},"end":{"line":56,"column":34}},"type":"binary-expr","locations":[{"start":{"line":56,"column":27},"end":{"line":56,"column":34}},{"start":{"line":56,"column":27},"end":{"line":56,"column":34}}]},"12":{"loc":{"start":{"line":58,"column":12},"end":{"line":58,"column":27}},"type":"cond-expr","locations":[{"start":{"line":58,"column":18},"end":{"line":58,"column":20}},{"start":{"line":58,"column":12},"end":{"line":58,"column":27}}]},"13":{"loc":{"start":{"line":58,"column":12},"end":{"line":58,"column":20}},"type":"binary-expr","locations":[{"start":{"line":58,"column":12},"end":{"line":58,"column":20}},{"start":{"line":58,"column":12},"end":{"line":58,"column":20}}]},"14":{"loc":{"start":{"line":59,"column":12},"end":{"line":59,"column":38}},"type":"cond-expr","locations":[{"start":{"line":59,"column":17},"end":{"line":59,"column":19}},{"start":{"line":59,"column":12},"end":{"line":59,"column":38}}]},"15":{"loc":{"start":{"line":59,"column":12},"end":{"line":59,"column":19}},"type":"binary-expr","locations":[{"start":{"line":59,"column":12},"end":{"line":59,"column":19}},{"start":{"line":59,"column":12},"end":{"line":59,"column":19}}]},"16":{"loc":{"start":{"line":63,"column":12},"end":{"line":63,"column":54}},"type":"cond-expr","locations":[{"start":{"line":63,"column":17},"end":{"line":63,"column":19}},{"start":{"line":63,"column":12},"end":{"line":63,"column":54}}]},"17":{"loc":{"start":{"line":63,"column":12},"end":{"line":63,"column":19}},"type":"binary-expr","locations":[{"start":{"line":63,"column":12},"end":{"line":63,"column":19}},{"start":{"line":63,"column":12},"end":{"line":63,"column":19}}]},"18":{"loc":{"start":{"line":65,"column":26},"end":{"line":65,"column":67}},"type":"cond-expr","locations":[{"start":{"line":65,"column":31},"end":{"line":65,"column":33}},{"start":{"line":65,"column":26},"end":{"line":65,"column":67}}]},"19":{"loc":{"start":{"line":65,"column":26},"end":{"line":65,"column":33}},"type":"binary-expr","locations":[{"start":{"line":65,"column":26},"end":{"line":65,"column":33}},{"start":{"line":65,"column":26},"end":{"line":65,"column":33}}]},"20":{"loc":{"start":{"line":66,"column":12},"end":{"line":66,"column":54}},"type":"cond-expr","locations":[{"start":{"line":66,"column":17},"end":{"line":66,"column":19}},{"start":{"line":66,"column":12},"end":{"line":66,"column":54}}]},"21":{"loc":{"start":{"line":66,"column":12},"end":{"line":66,"column":19}},"type":"binary-expr","locations":[{"start":{"line":66,"column":12},"end":{"line":66,"column":19}},{"start":{"line":66,"column":12},"end":{"line":66,"column":19}}]},"22":{"loc":{"start":{"line":67,"column":29},"end":{"line":67,"column":57}},"type":"cond-expr","locations":[{"start":{"line":67,"column":34},"end":{"line":67,"column":36}},{"start":{"line":67,"column":29},"end":{"line":67,"column":57}}]},"23":{"loc":{"start":{"line":67,"column":29},"end":{"line":67,"column":36}},"type":"binary-expr","locations":[{"start":{"line":67,"column":29},"end":{"line":67,"column":36}},{"start":{"line":67,"column":29},"end":{"line":67,"column":36}}]},"24":{"loc":{"start":{"line":69,"column":12},"end":{"line":69,"column":54}},"type":"cond-expr","locations":[{"start":{"line":69,"column":17},"end":{"line":69,"column":19}},{"start":{"line":69,"column":12},"end":{"line":69,"column":54}}]},"25":{"loc":{"start":{"line":69,"column":12},"end":{"line":69,"column":19}},"type":"binary-expr","locations":[{"start":{"line":69,"column":12},"end":{"line":69,"column":19}},{"start":{"line":69,"column":12},"end":{"line":69,"column":19}}]},"26":{"loc":{"start":{"line":76,"column":14},"end":{"line":76,"column":48}},"type":"cond-expr","locations":[{"start":{"line":76,"column":19},"end":{"line":76,"column":21}},{"start":{"line":76,"column":14},"end":{"line":76,"column":48}}]},"27":{"loc":{"start":{"line":76,"column":14},"end":{"line":76,"column":21}},"type":"binary-expr","locations":[{"start":{"line":76,"column":14},"end":{"line":76,"column":21}},{"start":{"line":76,"column":14},"end":{"line":76,"column":21}}]},"28":{"loc":{"start":{"line":79,"column":27},"end":{"line":79,"column":62}},"type":"cond-expr","locations":[{"start":{"line":79,"column":32},"end":{"line":79,"column":34}},{"start":{"line":79,"column":27},"end":{"line":79,"column":62}}]},"29":{"loc":{"start":{"line":79,"column":27},"end":{"line":79,"column":34}},"type":"binary-expr","locations":[{"start":{"line":79,"column":27},"end":{"line":79,"column":34}},{"start":{"line":79,"column":27},"end":{"line":79,"column":34}}]},"30":{"loc":{"start":{"line":82,"column":14},"end":{"line":82,"column":30}},"type":"cond-expr","locations":[{"start":{"line":82,"column":21},"end":{"line":82,"column":23}},{"start":{"line":82,"column":21},"end":{"line":82,"column":30}}]},"31":{"loc":{"start":{"line":82,"column":14},"end":{"line":82,"column":23}},"type":"binary-expr","locations":[{"start":{"line":82,"column":14},"end":{"line":82,"column":23}},{"start":{"line":82,"column":21},"end":{"line":82,"column":23}}]},"32":{"loc":{"start":{"line":88,"column":14},"end":{"line":88,"column":46}},"type":"cond-expr","locations":[{"start":{"line":88,"column":19},"end":{"line":88,"column":21}},{"start":{"line":88,"column":14},"end":{"line":88,"column":46}}]},"33":{"loc":{"start":{"line":88,"column":14},"end":{"line":88,"column":21}},"type":"binary-expr","locations":[{"start":{"line":88,"column":14},"end":{"line":88,"column":21}},{"start":{"line":88,"column":14},"end":{"line":88,"column":21}}]},"34":{"loc":{"start":{"line":90,"column":35},"end":{"line":90,"column":79}},"type":"cond-expr","locations":[{"start":{"line":90,"column":40},"end":{"line":90,"column":42}},{"start":{"line":90,"column":35},"end":{"line":90,"column":79}}]},"35":{"loc":{"start":{"line":90,"column":35},"end":{"line":90,"column":42}},"type":"binary-expr","locations":[{"start":{"line":90,"column":35},"end":{"line":90,"column":42}},{"start":{"line":90,"column":35},"end":{"line":90,"column":42}}]},"36":{"loc":{"start":{"line":91,"column":34},"end":{"line":91,"column":78}},"type":"cond-expr","locations":[{"start":{"line":91,"column":39},"end":{"line":91,"column":41}},{"start":{"line":91,"column":34},"end":{"line":91,"column":78}}]},"37":{"loc":{"start":{"line":91,"column":34},"end":{"line":91,"column":41}},"type":"binary-expr","locations":[{"start":{"line":91,"column":34},"end":{"line":91,"column":41}},{"start":{"line":91,"column":34},"end":{"line":91,"column":41}}]},"38":{"loc":{"start":{"line":97,"column":14},"end":{"line":97,"column":37}},"type":"cond-expr","locations":[{"start":{"line":97,"column":28},"end":{"line":97,"column":30}},{"start":{"line":97,"column":28},"end":{"line":97,"column":37}}]},"39":{"loc":{"start":{"line":97,"column":14},"end":{"line":97,"column":30}},"type":"binary-expr","locations":[{"start":{"line":97,"column":14},"end":{"line":97,"column":30}},{"start":{"line":97,"column":28},"end":{"line":97,"column":30}}]},"40":{"loc":{"start":{"line":99,"column":14},"end":{"line":99,"column":37}},"type":"cond-expr","locations":[{"start":{"line":99,"column":28},"end":{"line":99,"column":30}},{"start":{"line":99,"column":28},"end":{"line":99,"column":37}}]},"41":{"loc":{"start":{"line":99,"column":14},"end":{"line":99,"column":30}},"type":"binary-expr","locations":[{"start":{"line":99,"column":14},"end":{"line":99,"column":30}},{"start":{"line":99,"column":28},"end":{"line":99,"column":30}}]},"42":{"loc":{"start":{"line":103,"column":14},"end":{"line":103,"column":46}},"type":"cond-expr","locations":[{"start":{"line":103,"column":19},"end":{"line":103,"column":21}},{"start":{"line":103,"column":14},"end":{"line":103,"column":46}}]},"43":{"loc":{"start":{"line":103,"column":14},"end":{"line":103,"column":21}},"type":"binary-expr","locations":[{"start":{"line":103,"column":14},"end":{"line":103,"column":21}},{"start":{"line":103,"column":14},"end":{"line":103,"column":21}}]},"44":{"loc":{"start":{"line":109,"column":10},"end":{"line":109,"column":34}},"type":"cond-expr","locations":[{"start":{"line":109,"column":25},"end":{"line":109,"column":27}},{"start":{"line":109,"column":25},"end":{"line":109,"column":34}}]},"45":{"loc":{"start":{"line":109,"column":10},"end":{"line":109,"column":27}},"type":"binary-expr","locations":[{"start":{"line":109,"column":10},"end":{"line":109,"column":27}},{"start":{"line":109,"column":25},"end":{"line":109,"column":27}}]},"46":{"loc":{"start":{"line":110,"column":10},"end":{"line":110,"column":34}},"type":"cond-expr","locations":[{"start":{"line":110,"column":25},"end":{"line":110,"column":27}},{"start":{"line":110,"column":25},"end":{"line":110,"column":34}}]},"47":{"loc":{"start":{"line":110,"column":10},"end":{"line":110,"column":27}},"type":"binary-expr","locations":[{"start":{"line":110,"column":10},"end":{"line":110,"column":27}},{"start":{"line":110,"column":25},"end":{"line":110,"column":27}}]},"48":{"loc":{"start":{"line":116,"column":16},"end":{"line":116,"column":47}},"type":"cond-expr","locations":[{"start":{"line":116,"column":21},"end":{"line":116,"column":23}},{"start":{"line":116,"column":16},"end":{"line":116,"column":47}}]},"49":{"loc":{"start":{"line":116,"column":16},"end":{"line":116,"column":23}},"type":"binary-expr","locations":[{"start":{"line":116,"column":16},"end":{"line":116,"column":23}},{"start":{"line":116,"column":16},"end":{"line":116,"column":23}}]},"50":{"loc":{"start":{"line":118,"column":35},"end":{"line":118,"column":52}},"type":"cond-expr","locations":[{"start":{"line":118,"column":40},"end":{"line":118,"column":42}},{"start":{"line":118,"column":35},"end":{"line":118,"column":52}}]},"51":{"loc":{"start":{"line":118,"column":35},"end":{"line":118,"column":42}},"type":"binary-expr","locations":[{"start":{"line":118,"column":35},"end":{"line":118,"column":42}},{"start":{"line":118,"column":35},"end":{"line":118,"column":42}}]},"52":{"loc":{"start":{"line":120,"column":16},"end":{"line":120,"column":37}},"type":"cond-expr","locations":[{"start":{"line":120,"column":26},"end":{"line":120,"column":28}},{"start":{"line":120,"column":16},"end":{"line":120,"column":37}}]},"53":{"loc":{"start":{"line":120,"column":16},"end":{"line":120,"column":28}},"type":"binary-expr","locations":[{"start":{"line":120,"column":16},"end":{"line":120,"column":28}},{"start":{"line":120,"column":16},"end":{"line":120,"column":28}}]},"54":{"loc":{"start":{"line":126,"column":38},"end":{"line":126,"column":80}},"type":"cond-expr","locations":[{"start":{"line":126,"column":43},"end":{"line":126,"column":45}},{"start":{"line":126,"column":38},"end":{"line":126,"column":80}}]},"55":{"loc":{"start":{"line":126,"column":38},"end":{"line":126,"column":45}},"type":"binary-expr","locations":[{"start":{"line":126,"column":38},"end":{"line":126,"column":45}},{"start":{"line":126,"column":38},"end":{"line":126,"column":45}}]},"56":{"loc":{"start":{"line":130,"column":16},"end":{"line":130,"column":41}},"type":"cond-expr","locations":[{"start":{"line":130,"column":32},"end":{"line":130,"column":34}},{"start":{"line":130,"column":32},"end":{"line":130,"column":41}}]},"57":{"loc":{"start":{"line":130,"column":16},"end":{"line":130,"column":34}},"type":"binary-expr","locations":[{"start":{"line":130,"column":16},"end":{"line":130,"column":34}},{"start":{"line":130,"column":32},"end":{"line":130,"column":34}}]},"58":{"loc":{"start":{"line":131,"column":16},"end":{"line":131,"column":41}},"type":"cond-expr","locations":[{"start":{"line":131,"column":32},"end":{"line":131,"column":34}},{"start":{"line":131,"column":32},"end":{"line":131,"column":41}}]},"59":{"loc":{"start":{"line":131,"column":16},"end":{"line":131,"column":34}},"type":"binary-expr","locations":[{"start":{"line":131,"column":16},"end":{"line":131,"column":34}},{"start":{"line":131,"column":32},"end":{"line":131,"column":34}}]},"60":{"loc":{"start":{"line":135,"column":16},"end":{"line":135,"column":53}},"type":"cond-expr","locations":[{"start":{"line":135,"column":21},"end":{"line":135,"column":23}},{"start":{"line":135,"column":16},"end":{"line":135,"column":53}}]},"61":{"loc":{"start":{"line":135,"column":16},"end":{"line":135,"column":23}},"type":"binary-expr","locations":[{"start":{"line":135,"column":16},"end":{"line":135,"column":23}},{"start":{"line":135,"column":16},"end":{"line":135,"column":23}}]},"62":{"loc":{"start":{"line":136,"column":37},"end":{"line":136,"column":60}},"type":"cond-expr","locations":[{"start":{"line":136,"column":42},"end":{"line":136,"column":44}},{"start":{"line":136,"column":37},"end":{"line":136,"column":60}}]},"63":{"loc":{"start":{"line":136,"column":37},"end":{"line":136,"column":44}},"type":"binary-expr","locations":[{"start":{"line":136,"column":37},"end":{"line":136,"column":44}},{"start":{"line":136,"column":37},"end":{"line":136,"column":44}}]},"64":{"loc":{"start":{"line":137,"column":28},"end":{"line":137,"column":80}},"type":"cond-expr","locations":[{"start":{"line":137,"column":33},"end":{"line":137,"column":35}},{"start":{"line":137,"column":28},"end":{"line":137,"column":80}}]},"65":{"loc":{"start":{"line":137,"column":28},"end":{"line":137,"column":35}},"type":"binary-expr","locations":[{"start":{"line":137,"column":28},"end":{"line":137,"column":35}},{"start":{"line":137,"column":28},"end":{"line":137,"column":35}}]},"66":{"loc":{"start":{"line":137,"column":50},"end":{"line":137,"column":65}},"type":"cond-expr","locations":[{"start":{"line":137,"column":52},"end":{"line":137,"column":54}},{"start":{"line":137,"column":50},"end":{"line":137,"column":65}}]},"67":{"loc":{"start":{"line":137,"column":50},"end":{"line":137,"column":54}},"type":"binary-expr","locations":[{"start":{"line":137,"column":50},"end":{"line":137,"column":54}},{"start":{"line":137,"column":50},"end":{"line":137,"column":54}}]}},"s":{"0":1,"1":1,"2":0,"3":1,"4":0,"5":0,"6":0,"7":0,"8":0,"9":0,"10":0,"11":0,"12":0,"13":0,"14":0,"15":0,"16":0,"17":0,"18":0,"19":0,"20":0,"21":0,"22":0,"23":0,"24":0,"25":0,"26":0,"27":0,"28":0,"29":0,"30":0,"31":0,"32":0,"33":0,"34":0,"35":0,"36":0,"37":0,"38":0,"39":0,"40":0,"41":0,"42":0,"43":0,"44":0,"45":0,"46":0,"47":0,"48":0,"49":0,"50":0,"51":0,"52":0,"53":0,"54":0,"55":0,"56":0,"57":0,"58":0,"59":0,"60":0,"61":0,"62":0,"63":0,"64":0,"65":0,"66":0,"67":0,"68":0,"69":0,"70":0,"71":0,"72":0,"73":0,"74":0,"75":0,"76":0,"77":0,"78":0,"79":0,"80":0,"81":0,"82":1,"83":1},"f":{"0":1,"1":0,"2":0,"3":0},"b":{"0":[0,0],"1":[0,0],"2":[0,0],"3":[0,0],"4":[0,0],"5":[0,0],"6":[0,0],"7":[0,0],"8":[0,0],"9":[0,0],"10":[0,0],"11":[0,0],"12":[0,0],"13":[0,0],"14":[0,0],"15":[0,0],"16":[0,0],"17":[0,0],"18":[0,0],"19":[0,0],"20":[0,0],"21":[0,0],"22":[0,0],"23":[0,0],"24":[0,0],"25":[0,0],"26":[0,0],"27":[0,0],"28":[0,0],"29":[0,0],"30":[0,0],"31":[0,0],"32":[0,0],"33":[0,0],"34":[0,0],"35":[0,0],"36":[0,0],"37":[0,0],"38":[0,0],"39":[0,0],"40":[0,0],"41":[0,0],"42":[0,0],"43":[0,0],"44":[0,0],"45":[0,0],"46":[0,0],"47":[0,0],"48":[0,0],"49":[0,0],"50":[0,0],"51":[0,0],"52":[0,0],"53":[0,0],"54":[0,0],"55":[0,0],"56":[0,0],"57":[0,0],"58":[0,0],"59":[0,0],"60":[0,0],"61":[0,0],"62":[0,0],"63":[0,0],"64":[0,0],"65":[0,0],"66":[0,0],"67":[0,0]}}
,"/Users/joaopedro/projetos/ext/web-crawler/src/services/index.ts": {"path":"/Users/joaopedro/projetos/ext/web-crawler/src/services/index.ts","statementMap":{"0":{"start":{"line":1,"column":0},"end":{"line":1,"column":7}},"1":{"start":{"line":3,"column":2},"end":{"line":1,"column":41}}},"fnMap":{},"branchMap":{},"s":{"0":1,"1":1},"f":{},"b":{}}
,"/Users/joaopedro/projetos/ext/web-crawler/src/validators/pageRules.validators.ts": {"path":"/Users/joaopedro/projetos/ext/web-crawler/src/validators/pageRules.validators.ts","statementMap":{"0":{"start":{"line":1,"column":0},"end":{"line":1,"column":69}},"1":{"start":{"line":2,"column":0},"end":{"line":2,"column":13}},"2":{"start":{"line":4,"column":2},"end":{"line":4,"column":null}},"3":{"start":{"line":7,"column":2},"end":{"line":7,"column":null}},"4":{"start":{"line":10,"column":2},"end":{"line":10,"column":null}},"5":{"start":{"line":11,"column":0},"end":{"line":11,"column":null}},"6":{"start":{"line":2,"column":13},"end":{"line":2,"column":22}}},"fnMap":{"0":{"name":"(anonymous_1)","decl":{"start":{"line":2,"column":0},"end":{"line":2,"column":13}},"loc":{"start":{"line":2,"column":0},"end":{"line":2,"column":13}}}},"branchMap":{},"s":{"0":1,"1":1,"2":1,"3":1,"4":1,"5":1,"6":1},"f":{"0":6},"b":{}}
}
