TN:
SF:src/controllers/PagesDataController.ts
FN:18,(anonymous_13)
FN:19,(anonymous_15)
FNF:2
FNH:2
FNDA:6,(anonymous_13)
FNDA:5,(anonymous_15)
DA:2,1
DA:3,1
DA:4,1
DA:7,1
DA:18,1
DA:19,1
DA:20,5
DA:22,5
DA:24,5
DA:26,5
DA:27,3
DA:31,2
DA:33,2
DA:35,1
DA:38,1
DA:39,1
DA:42,1
LF:17
LH:17
BRDA:26,0,0,3
BRF:1
BRH:1
end_of_record
TN:
SF:src/controllers/index.ts
FN:5,(anonymous_0)
FNF:1
FNH:1
FNDA:5,(anonymous_0)
DA:1,1
DA:5,6
LF:2
LH:2
BRF:0
BRH:0
end_of_record
TN:
SF:src/services/getPagesData.ts
FN:21,(anonymous_14)
FN:25,GetPagesData
FN:29,(anonymous_16)
FN:136,(anonymous_19)
FNF:4
FNH:3
FNDA:2,(anonymous_14)
FNDA:1,GetPagesData
FNDA:2,(anonymous_16)
FNDA:0,(anonymous_19)
DA:2,2
DA:21,2
DA:26,1
DA:29,2
DA:31,2
DA:32,2
DA:35,1
DA:39,2
DA:40,2
DA:42,1
DA:44,1
DA:49,1
DA:51,1
DA:53,2
DA:54,2
DA:56,1
DA:58,2
DA:59,2
DA:60,1
DA:61,1
DA:62,1
DA:63,2
DA:65,1
DA:66,2
DA:67,1
DA:68,1
DA:69,2
DA:70,2
DA:72,2
DA:76,2
DA:77,2
DA:79,1
DA:81,2
DA:83,2
DA:85,1
DA:86,1
DA:87,2
DA:89,1
DA:90,1
DA:95,2
DA:96,2
DA:98,2
DA:102,2
DA:106,2
DA:108,1
DA:109,1
DA:113,2
DA:115,2
DA:117,1
DA:119,2
DA:121,1
DA:123,1
DA:125,1
DA:126,1
DA:127,2
DA:129,2
DA:130,2
DA:133,1
DA:134,2
DA:135,1
DA:136,1
DA:138,1
DA:142,1
DA:143,1
DA:147,2
DA:149,2
LF:66
LH:66
BRDA:44,0,0,0
BRDA:44,0,1,1
BRDA:44,1,0,1
BRDA:44,1,1,1
BRDA:49,2,0,0
BRDA:49,2,1,1
BRDA:49,3,0,1
BRDA:49,3,1,1
BRDA:51,4,0,0
BRDA:51,4,1,1
BRDA:51,5,0,1
BRDA:51,5,1,1
BRDA:53,6,0,1
BRDA:53,6,1,0
BRDA:53,7,0,1
BRDA:53,7,1,1
BRDA:54,8,0,1
BRDA:54,8,1,0
BRDA:54,9,0,1
BRDA:54,9,1,1
BRDA:56,10,0,0
BRDA:56,10,1,1
BRDA:56,11,0,1
BRDA:56,11,1,1
BRDA:58,12,0,1
BRDA:58,12,1,0
BRDA:58,13,0,1
BRDA:58,13,1,1
BRDA:59,14,0,0
BRDA:59,14,1,1
BRDA:59,15,0,1
BRDA:59,15,1,1
BRDA:63,16,0,0
BRDA:63,16,1,1
BRDA:63,17,0,1
BRDA:63,17,1,1
BRDA:65,18,0,0
BRDA:65,18,1,1
BRDA:65,19,0,1
BRDA:65,19,1,1
BRDA:66,20,0,0
BRDA:66,20,1,1
BRDA:66,21,0,1
BRDA:66,21,1,1
BRDA:67,22,0,0
BRDA:67,22,1,1
BRDA:67,23,0,1
BRDA:67,23,1,1
BRDA:69,24,0,0
BRDA:69,24,1,1
BRDA:69,25,0,1
BRDA:69,25,1,1
BRDA:72,26,0,1
BRDA:72,26,1,0
BRDA:72,27,0,1
BRDA:72,27,1,1
BRDA:76,28,0,0
BRDA:76,28,1,1
BRDA:76,29,0,1
BRDA:76,29,1,1
BRDA:79,30,0,0
BRDA:79,30,1,1
BRDA:79,31,0,1
BRDA:79,31,1,1
BRDA:81,32,0,1
BRDA:81,32,1,0
BRDA:81,33,0,1
BRDA:81,33,1,1
BRDA:87,34,0,0
BRDA:87,34,1,1
BRDA:87,35,0,1
BRDA:87,35,1,1
BRDA:89,36,0,0
BRDA:89,36,1,1
BRDA:89,37,0,1
BRDA:89,37,1,1
BRDA:90,38,0,0
BRDA:90,38,1,1
BRDA:90,39,0,1
BRDA:90,39,1,1
BRDA:96,40,0,1
BRDA:96,40,1,0
BRDA:96,41,0,1
BRDA:96,41,1,1
BRDA:98,42,0,1
BRDA:98,42,1,0
BRDA:98,43,0,1
BRDA:98,43,1,1
BRDA:102,44,0,0
BRDA:102,44,1,1
BRDA:102,45,0,1
BRDA:102,45,1,1
BRDA:108,46,0,1
BRDA:108,46,1,0
BRDA:108,47,0,1
BRDA:108,47,1,1
BRDA:109,48,0,1
BRDA:109,48,1,0
BRDA:109,49,0,1
BRDA:109,49,1,1
BRDA:115,50,0,0
BRDA:115,50,1,1
BRDA:115,51,0,1
BRDA:115,51,1,1
BRDA:117,52,0,0
BRDA:117,52,1,1
BRDA:117,53,0,1
BRDA:117,53,1,1
BRDA:119,54,0,1
BRDA:119,54,1,0
BRDA:119,55,0,1
BRDA:119,55,1,1
BRDA:125,56,0,0
BRDA:125,56,1,1
BRDA:125,57,0,1
BRDA:125,57,1,1
BRDA:129,58,0,1
BRDA:129,58,1,0
BRDA:129,59,0,1
BRDA:129,59,1,1
BRDA:130,60,0,1
BRDA:130,60,1,0
BRDA:130,61,0,1
BRDA:130,61,1,1
BRDA:134,62,0,0
BRDA:134,62,1,1
BRDA:134,63,0,1
BRDA:134,63,1,1
BRDA:135,64,0,0
BRDA:135,64,1,1
BRDA:135,65,0,1
BRDA:135,65,1,1
BRDA:136,66,0,0
BRDA:136,66,1,1
BRDA:136,67,0,1
BRDA:136,67,1,1
BRDA:136,68,0,0
BRDA:136,68,1,0
BRDA:136,69,0,0
BRDA:136,69,1,0
BRF:140
BRH:102
end_of_record
TN:
SF:src/services/index.ts
FNF:0
FNH:0
DA:1,2
DA:3,2
LF:2
LH:2
BRF:0
BRH:0
end_of_record
TN:
SF:src/validators/pageRules.validators.ts
FN:2,(anonymous_1)
FNF:1
FNH:1
FNDA:6,(anonymous_1)
DA:1,1
DA:2,1
DA:4,1
DA:7,1
DA:10,1
DA:11,1
LF:6
LH:6
BRF:0
BRH:0
end_of_record
