TN:
SF:src/controllers/PagesDataController.ts
FN:18,(anonymous_13)
FN:19,(anonymous_15)
FNF:2
FNH:2
FNDA:6,(anonymous_13)
FNDA:5,(anonymous_15)
DA:2,1
DA:3,1
DA:4,1
DA:7,1
DA:18,1
DA:19,1
DA:20,5
DA:22,5
DA:24,5
DA:26,5
DA:27,3
DA:31,2
DA:33,2
DA:35,1
DA:38,1
DA:39,1
DA:42,1
LF:17
LH:17
BRDA:26,0,0,3
BRF:1
BRH:1
end_of_record
TN:
SF:src/controllers/index.ts
FN:5,(anonymous_0)
FNF:1
FNH:1
FNDA:5,(anonymous_0)
DA:1,1
DA:5,6
LF:2
LH:2
BRF:0
BRH:0
end_of_record
TN:
SF:src/services/getPagesData.ts
FN:21,(anonymous_14)
FN:25,GetPagesData
FN:29,(anonymous_16)
FN:137,(anonymous_19)
FNF:4
FNH:1
FNDA:1,(anonymous_14)
FNDA:0,GetPagesData
FNDA:0,(anonymous_16)
FNDA:0,(anonymous_19)
DA:2,1
DA:21,1
DA:26,0
DA:29,1
DA:31,0
DA:32,0
DA:35,0
DA:39,0
DA:40,0
DA:42,0
DA:44,0
DA:49,0
DA:51,0
DA:53,0
DA:54,0
DA:56,0
DA:58,0
DA:59,0
DA:60,0
DA:61,0
DA:62,0
DA:63,0
DA:65,0
DA:66,0
DA:67,0
DA:69,0
DA:70,0
DA:72,0
DA:76,0
DA:77,0
DA:79,0
DA:80,0
DA:82,0
DA:84,0
DA:86,0
DA:87,0
DA:88,0
DA:90,0
DA:91,0
DA:96,0
DA:97,0
DA:99,0
DA:103,0
DA:107,0
DA:109,0
DA:110,0
DA:114,0
DA:116,0
DA:118,0
DA:120,0
DA:122,0
DA:124,0
DA:126,0
DA:127,0
DA:128,0
DA:130,0
DA:131,0
DA:134,0
DA:135,0
DA:136,0
DA:137,0
DA:139,0
DA:143,0
DA:147,1
DA:149,1
LF:65
LH:5
BRDA:44,0,0,0
BRDA:44,0,1,0
BRDA:44,1,0,0
BRDA:44,1,1,0
BRDA:49,2,0,0
BRDA:49,2,1,0
BRDA:49,3,0,0
BRDA:49,3,1,0
BRDA:51,4,0,0
BRDA:51,4,1,0
BRDA:51,5,0,0
BRDA:51,5,1,0
BRDA:53,6,0,0
BRDA:53,6,1,0
BRDA:53,7,0,0
BRDA:53,7,1,0
BRDA:54,8,0,0
BRDA:54,8,1,0
BRDA:54,9,0,0
BRDA:54,9,1,0
BRDA:56,10,0,0
BRDA:56,10,1,0
BRDA:56,11,0,0
BRDA:56,11,1,0
BRDA:58,12,0,0
BRDA:58,12,1,0
BRDA:58,13,0,0
BRDA:58,13,1,0
BRDA:59,14,0,0
BRDA:59,14,1,0
BRDA:59,15,0,0
BRDA:59,15,1,0
BRDA:63,16,0,0
BRDA:63,16,1,0
BRDA:63,17,0,0
BRDA:63,17,1,0
BRDA:65,18,0,0
BRDA:65,18,1,0
BRDA:65,19,0,0
BRDA:65,19,1,0
BRDA:66,20,0,0
BRDA:66,20,1,0
BRDA:66,21,0,0
BRDA:66,21,1,0
BRDA:67,22,0,0
BRDA:67,22,1,0
BRDA:67,23,0,0
BRDA:67,23,1,0
BRDA:69,24,0,0
BRDA:69,24,1,0
BRDA:69,25,0,0
BRDA:69,25,1,0
BRDA:76,26,0,0
BRDA:76,26,1,0
BRDA:76,27,0,0
BRDA:76,27,1,0
BRDA:79,28,0,0
BRDA:79,28,1,0
BRDA:79,29,0,0
BRDA:79,29,1,0
BRDA:82,30,0,0
BRDA:82,30,1,0
BRDA:82,31,0,0
BRDA:82,31,1,0
BRDA:88,32,0,0
BRDA:88,32,1,0
BRDA:88,33,0,0
BRDA:88,33,1,0
BRDA:90,34,0,0
BRDA:90,34,1,0
BRDA:90,35,0,0
BRDA:90,35,1,0
BRDA:91,36,0,0
BRDA:91,36,1,0
BRDA:91,37,0,0
BRDA:91,37,1,0
BRDA:97,38,0,0
BRDA:97,38,1,0
BRDA:97,39,0,0
BRDA:97,39,1,0
BRDA:99,40,0,0
BRDA:99,40,1,0
BRDA:99,41,0,0
BRDA:99,41,1,0
BRDA:103,42,0,0
BRDA:103,42,1,0
BRDA:103,43,0,0
BRDA:103,43,1,0
BRDA:109,44,0,0
BRDA:109,44,1,0
BRDA:109,45,0,0
BRDA:109,45,1,0
BRDA:110,46,0,0
BRDA:110,46,1,0
BRDA:110,47,0,0
BRDA:110,47,1,0
BRDA:116,48,0,0
BRDA:116,48,1,0
BRDA:116,49,0,0
BRDA:116,49,1,0
BRDA:118,50,0,0
BRDA:118,50,1,0
BRDA:118,51,0,0
BRDA:118,51,1,0
BRDA:120,52,0,0
BRDA:120,52,1,0
BRDA:120,53,0,0
BRDA:120,53,1,0
BRDA:126,54,0,0
BRDA:126,54,1,0
BRDA:126,55,0,0
BRDA:126,55,1,0
BRDA:130,56,0,0
BRDA:130,56,1,0
BRDA:130,57,0,0
BRDA:130,57,1,0
BRDA:131,58,0,0
BRDA:131,58,1,0
BRDA:131,59,0,0
BRDA:131,59,1,0
BRDA:135,60,0,0
BRDA:135,60,1,0
BRDA:135,61,0,0
BRDA:135,61,1,0
BRDA:136,62,0,0
BRDA:136,62,1,0
BRDA:136,63,0,0
BRDA:136,63,1,0
BRDA:137,64,0,0
BRDA:137,64,1,0
BRDA:137,65,0,0
BRDA:137,65,1,0
BRDA:137,66,0,0
BRDA:137,66,1,0
BRDA:137,67,0,0
BRDA:137,67,1,0
BRF:136
BRH:0
end_of_record
TN:
SF:src/services/index.ts
FNF:0
FNH:0
DA:1,1
DA:3,1
LF:2
LH:2
BRF:0
BRH:0
end_of_record
TN:
SF:src/validators/pageRules.validators.ts
FN:2,(anonymous_1)
FNF:1
FNH:1
FNDA:6,(anonymous_1)
DA:1,1
DA:2,1
DA:4,1
DA:7,1
DA:10,1
DA:11,1
LF:6
LH:6
BRF:0
BRH:0
end_of_record
